2018-02-20 21:37:57,816 CRIT Supervisor running as root (no user in config file)
2018-02-20 21:37:57,822 INFO supervisord started with pid 1
2018-02-20 21:37:58,830 INFO spawned: 'nginx' with pid 9
2018-02-20 21:37:58,832 INFO spawned: 'php-fpm' with pid 10
2018-02-20 21:37:59,893 INFO success: nginx entered RUNNING state, process has stayed up for > than 1 seconds (startsecs)
2018-02-20 21:37:59,894 INFO success: php-fpm entered RUNNING state, process has stayed up for > than 1 seconds (startsecs)
2018-02-20 21:45:19,370 WARN received SIGTERM indicating exit request
2018-02-20 21:45:19,371 INFO waiting for nginx, php-fpm to die
2018-02-20 21:45:19,383 INFO stopped: php-fpm (exit status 0)
2018-02-20 21:45:19,390 INFO stopped: nginx (exit status 0)
2018-02-24 07:50:15,401 CRIT Supervisor running as root (no user in config file)
2018-02-24 07:50:15,409 INFO supervisord started with pid 1
2018-02-24 07:50:16,413 INFO spawned: 'nginx' with pid 8
2018-02-24 07:50:16,416 INFO spawned: 'php-fpm' with pid 9
2018-02-24 07:50:17,456 INFO success: nginx entered RUNNING state, process has stayed up for > than 1 seconds (startsecs)
2018-02-24 07:50:17,457 INFO success: php-fpm entered RUNNING state, process has stayed up for > than 1 seconds (startsecs)
2018-02-24 07:51:00,423 WARN received SIGTERM indicating exit request
2018-02-24 07:51:00,424 INFO waiting for nginx, php-fpm to die
2018-02-24 07:51:00,446 INFO stopped: php-fpm (exit status 0)
2018-02-24 07:51:00,464 INFO stopped: nginx (exit status 0)
2018-02-24 22:14:27,934 CRIT Supervisor running as root (no user in config file)
2018-02-24 22:14:27,942 INFO supervisord started with pid 1
2018-02-24 22:14:28,945 INFO spawned: 'nginx' with pid 7
2018-02-24 22:14:28,952 INFO spawned: 'php-fpm' with pid 8
2018-02-24 22:14:30,698 INFO success: nginx entered RUNNING state, process has stayed up for > than 1 seconds (startsecs)
2018-02-24 22:14:30,699 INFO success: php-fpm entered RUNNING state, process has stayed up for > than 1 seconds (startsecs)
2018-02-24 22:19:52,715 WARN received SIGTERM indicating exit request
2018-02-24 22:19:52,715 INFO waiting for nginx, php-fpm to die
2018-02-24 22:19:52,732 INFO stopped: php-fpm (exit status 0)
2018-02-24 22:19:52,743 INFO stopped: nginx (exit status 0)
2018-02-24 22:29:03,562 CRIT Supervisor running as root (no user in config file)
2018-02-24 22:29:03,570 INFO supervisord started with pid 1
2018-02-24 22:29:04,574 INFO spawned: 'nginx' with pid 8
2018-02-24 22:29:04,577 INFO spawned: 'php-fpm' with pid 9
2018-02-24 22:29:05,618 INFO success: nginx entered RUNNING state, process has stayed up for > than 1 seconds (startsecs)
2018-02-24 22:29:05,619 INFO success: php-fpm entered RUNNING state, process has stayed up for > than 1 seconds (startsecs)
2018-02-24 22:29:27,891 WARN received SIGTERM indicating exit request
2018-02-24 22:29:27,892 INFO waiting for nginx, php-fpm to die
2018-02-24 22:29:27,908 INFO stopped: php-fpm (exit status 0)
2018-02-24 22:29:27,918 INFO stopped: nginx (exit status 0)
